<?xml version="1.0" encoding="UTF-8"?>
<testsuite name="MinesweeperTest" tests="1" skipped="0" failures="0" errors="0" timestamp="2021-08-11T20:22:44" hostname="LENOVO-PC" time="0.493">
  <properties/>
  <testcase name="start" classname="MinesweeperTest" time="0.493"/>
  <system-out><![CDATA[?[1;31m
Start test 1?[0m
How many mines do you want on the field?
> 1
Congratulations! You found all mines!
?[1;31m
Start test 2?[0m
How many mines do you want on the field?
> 1
Congratulations! You found all mines!
?[1;31m
Start test 3?[0m
How many mines do you want on the field?
> 1
Congratulations! You found all mines!
?[1;31m
Start test 4?[0m
How many mines do you want on the field?
> 1
Congratulations! You found all mines!
?[1;31m
Start test 5?[0m
How many mines do you want on the field?
> 1
Congratulations! You found all mines!
?[1;31m
Start test 6?[0m
How many mines do you want on the field?
> 1
Congratulations! You found all mines!
?[1;31m
Start test 7?[0m
How many mines do you want on the field?
> 1
Congratulations! You found all mines!
?[1;31m
Start test 8?[0m
How many mines do you want on the field?
> 1
Congratulations! You found all mines!
?[1;31m
Start test 9?[0m
How many mines do you want on the field?
> 1
Congratulations! You found all mines!
?[1;31m
Start test 10?[0m
How many mines do you want on the field?
> 1
Congratulations! You found all mines!
?[1;31m
Start test 11?[0m
How many mines do you want on the field?
> 5
Congratulations! You found all mines!
?[1;31m
Start test 12?[0m
How many mines do you want on the field?
> 5
Congratulations! You found all mines!
?[1;31m
Start test 13?[0m
How many mines do you want on the field?
> 5
Congratulations! You found all mines!
]]></system-out>
  <system-err><![CDATA[]]></system-err>
</testsuite>
